<?xml version="1.0" encoding="UTF-8"?>
<!-- Generated by org.testng.reporters.JUnitXMLReporter -->
<testsuite ignored="0" hostname="LAPTOP-CEUCUH6S" failures="0" tests="3" name="Default test" time="2.641" errors="0" timestamp="2023-08-03T13:02:18 PDT">
  <testcase classname="com.kabir.e2eframework.tests.DataDrivenTestingUsingExcelFile" name="DataDrivenTesting" time="1.448"/>
  <testcase classname="com.kabir.e2eframework.tests.DataDrivenTestingUsingExcelFile" name="DataDrivenTesting" time="0.797"/>
  <testcase classname="com.kabir.e2eframework.tests.DataDrivenTestingUsingExcelFile" name="DataDrivenTesting" time="0.0"/>
</testsuite> <!-- Default test -->
