<?xml version="1.0" encoding="UTF-8"?>
<!-- Generated by org.testng.reporters.JUnitXMLReporter -->
<testsuite ignored="0" hostname="LAPTOP-CEUCUH6S" failures="0" tests="8" name="Default test" time="4.885" errors="0" timestamp="2023-08-03T18:52:08 PDT">
  <testcase classname="com.kabir.restassured.framework.tests.DataDrivenTestingUsingExcelFile" name="DataDrivenTesting" time="1.459"/>
  <testcase classname="com.kabir.restassured.framework.tests.DataDrivenTestingUsingExcelFile" name="DataDrivenTesting" time="0.475"/>
  <testcase classname="com.kabir.restassured.framework.tests.DataDrivenTestingUsingExcelFile" name="DataDrivenTesting" time="0.43"/>
  <testcase classname="com.kabir.restassured.framework.tests.DataDrivenTestingUsingExcelFile" name="DataDrivenTesting" time="0.431"/>
  <testcase classname="com.kabir.restassured.framework.tests.DataDrivenTestingUsingExcelFile" name="DataDrivenTesting" time="0.421"/>
  <testcase classname="com.kabir.restassured.framework.tests.DataDrivenTestingUsingExcelFile" name="DataDrivenTesting" time="0.426"/>
  <testcase classname="com.kabir.restassured.framework.tests.DataDrivenTestingUsingExcelFile" name="DataDrivenTesting" time="0.42"/>
  <testcase classname="com.kabir.restassured.framework.tests.DataDrivenTestingUsingExcelFile" name="DataDrivenTesting" time="0.421"/>
</testsuite> <!-- Default test -->
